<?xml version="1.0" encoding="UTF-8"?>
<!-- Generated by org.testng.reporters.JUnitXMLReporter -->
<testsuite ignored="0" hostname="LW-NIRUSH" failures="0" tests="2" name="Default test" time="5.391" errors="0" timestamp="05 Mar 2018 12:14:44 GMT">
  <testcase classname="generic.BaseTest" name="@BeforeMethod openApplication" time="3.504">
    <failure type="org.openqa.selenium.WebDriverException" message="Returned value cannot be converted to List&amp;lt;String&amp;gt;: {error=invalid session id, message=session 947441bc-ec33-411f-bae6-001a467239cf does not exist}
Build info: version: &amp;apos;3.7.1&amp;apos;, revision: &amp;apos;8a0099a&amp;apos;, time: &amp;apos;2017-11-06T21:07:36.161Z&amp;apos;
System info: host: &amp;apos;LW-NIRUSH&amp;apos;, ip: &amp;apos;192.168.1.169&amp;apos;, os.name: &amp;apos;Windows 10&amp;apos;, os.arch: &amp;apos;amd64&amp;apos;, os.version: &amp;apos;10.0&amp;apos;, java.version: &amp;apos;9.0.4&amp;apos;
Driver info: driver.version: RemoteWebDriver">
      <![CDATA[org.openqa.selenium.WebDriverException: Returned value cannot be converted to List<String>: {error=invalid session id, message=session 947441bc-ec33-411f-bae6-001a467239cf does not exist}Build info: version: '3.7.1', revision: '8a0099a', time: '2017-11-06T21:07:36.161Z'System info: host: 'LW-NIRUSH', ip: '192.168.1.169', os.name: 'Windows 10', os.arch: 'amd64', os.version: '10.0', java.version: '9.0.4'Driver info: driver.version: RemoteWebDriverat org.openqa.selenium.remote.RemoteWebDriver.getWindowHandles(RemoteWebDriver.java:511)at generic.SwitchControlToNextWindow$2.apply(SwitchControlToNextWindow.java:69)at generic.SwitchControlToNextWindow$2.apply(SwitchControlToNextWindow.java:1)at org.openqa.selenium.support.ui.FluentWait.until(FluentWait.java:208)at generic.SwitchControlToNextWindow.waitForWndows(SwitchControlToNextWindow.java:64)at generic.BaseTest.openApplication(BaseTest.java:77)at java.base/jdk.internal.reflect.NativeMethodAccessorImpl.invoke0(Native Method)at java.base/jdk.internal.reflect.NativeMethodAccessorImpl.invoke(Unknown Source)at java.base/jdk.internal.reflect.DelegatingMethodAccessorImpl.invoke(Unknown Source)at java.base/java.lang.reflect.Method.invoke(Unknown Source)at org.testng.internal.MethodInvocationHelper.invokeMethod(MethodInvocationHelper.java:124)at org.testng.internal.MethodInvocationHelper.invokeMethodConsideringTimeout(MethodInvocationHelper.java:59)at org.testng.internal.Invoker.invokeConfigurationMethod(Invoker.java:451)at org.testng.internal.Invoker.invokeConfigurations(Invoker.java:222)at org.testng.internal.Invoker.invokeMethod(Invoker.java:516)at org.testng.internal.Invoker.invokeTestMethod(Invoker.java:707)at org.testng.internal.Invoker.invokeTestMethods(Invoker.java:979)at org.testng.internal.TestMethodWorker.invokeTestMethods(TestMethodWorker.java:125)at org.testng.internal.TestMethodWorker.run(TestMethodWorker.java:109)at org.testng.TestRunner.privateRun(TestRunner.java:648)at org.testng.TestRunner.run(TestRunner.java:505)at org.testng.SuiteRunner.runTest(SuiteRunner.java:455)at org.testng.SuiteRunner.runSequentially(SuiteRunner.java:450)at org.testng.SuiteRunner.privateRun(SuiteRunner.java:415)at org.testng.SuiteRunner.run(SuiteRunner.java:364)at org.testng.SuiteRunnerWorker.runSuite(SuiteRunnerWorker.java:52)at org.testng.SuiteRunnerWorker.run(SuiteRunnerWorker.java:84)at org.testng.TestNG.runSuitesSequentially(TestNG.java:1187)at org.testng.TestNG.runSuitesLocally(TestNG.java:1116)at org.testng.TestNG.runSuites(TestNG.java:1028)at org.testng.TestNG.run(TestNG.java:996)at org.testng.remote.AbstractRemoteTestNG.run(AbstractRemoteTestNG.java:114)at org.testng.remote.RemoteTestNG.initAndRun(RemoteTestNG.java:251)at org.testng.remote.RemoteTestNG.main(RemoteTestNG.java:77)Caused by: java.lang.ClassCastException: com.google.common.collect.Maps$TransformedEntriesMap cannot be cast to java.base/java.util.Listat org.openqa.selenium.remote.RemoteWebDriver.getWindowHandles(RemoteWebDriver.java:508)... 33 more]]>
    </failure>
  </testcase> <!-- @BeforeMethod openApplication -->
  <testcase classname="generic.BaseTest" name="@AfterMethod closeApplication" time="0.0">
    <skipped/>
  </testcase> <!-- @AfterMethod closeApplication -->
  <testcase classname="scenarios.LeaseDataSetup_Test" name="BackendLeaseDataSetup" time="0.0">
    <skipped/>
  </testcase> <!-- BackendLeaseDataSetup -->
  <testcase classname="scenarios.LeaseDataSetup_Test" name="FrontendLeaseDataSetup" time="0.0">
    <skipped/>
  </testcase> <!-- FrontendLeaseDataSetup -->
</testsuite> <!-- Default test -->
