<?xml version="1.0" encoding="UTF-8"?>
<testng-results ignored="0" total="1" passed="0" failed="0" skipped="1">
  <reporter-output>
  </reporter-output>
  <suite started-at="2018-01-27T10:18:32Z" name="Default suite" finished-at="2018-01-27T10:19:08Z" duration-ms="35871">
    <groups>
    </groups>
    <test started-at="2018-01-27T10:18:32Z" name="Default test" finished-at="2018-01-27T10:19:08Z" duration-ms="35871">
      <class name="test.LeaseCreation">
        <test-method is-config="true" signature="settingUpReport()[pri:0, instance:test.LeaseCreation@35aea049]" started-at="2018-01-27T15:48:32Z" name="settingUpReport" finished-at="2018-01-27T15:48:32Z" duration-ms="166" status="PASS">
          <reporter-output>
          </reporter-output>
        </test-method> <!-- settingUpReport -->
        <test-method is-config="true" signature="openApplication()[pri:0, instance:test.LeaseCreation@35aea049]" started-at="2018-01-27T15:48:32Z" name="openApplication" finished-at="2018-01-27T15:49:08Z" duration-ms="35820" status="FAIL">
          <exception class="org.openqa.selenium.WebDriverException">
            <message>
              <![CDATA[Returned value cannot be converted to List<String>: {error=invalid session id, message=session 5642ea37-57db-4d32-bc8e-58d068b895ce does not exist}Build info: version: '3.7.1', revision: '8a0099a', time: '2017-11-06T21:07:36.161Z'System info: host: 'LW-TAMAR', ip: '192.168.1.136', os.name: 'Windows 10', os.arch: 'amd64', os.version: '10.0', java.version: '9.0.4'Driver info: driver.version: RemoteWebDriver]]>
            </message>
            <full-stacktrace>
              <![CDATA[org.openqa.selenium.WebDriverException: Returned value cannot be converted to List<String>: {error=invalid session id, message=session 5642ea37-57db-4d32-bc8e-58d068b895ce does not exist}Build info: version: '3.7.1', revision: '8a0099a', time: '2017-11-06T21:07:36.161Z'System info: host: 'LW-TAMAR', ip: '192.168.1.136', os.name: 'Windows 10', os.arch: 'amd64', os.version: '10.0', java.version: '9.0.4'Driver info: driver.version: RemoteWebDriverat org.openqa.selenium.remote.RemoteWebDriver.getWindowHandles(RemoteWebDriver.java:511)at generic.SwitchControlToNextWindow$2.apply(SwitchControlToNextWindow.java:69)at generic.SwitchControlToNextWindow$2.apply(SwitchControlToNextWindow.java:1)at org.openqa.selenium.support.ui.FluentWait.until(FluentWait.java:208)at generic.SwitchControlToNextWindow.waitForWndows(SwitchControlToNextWindow.java:64)at generic.BaseTest.openApplication(BaseTest.java:73)at java.base/jdk.internal.reflect.NativeMethodAccessorImpl.invoke0(Native Method)at java.base/jdk.internal.reflect.NativeMethodAccessorImpl.invoke(Unknown Source)at java.base/jdk.internal.reflect.DelegatingMethodAccessorImpl.invoke(Unknown Source)at java.base/java.lang.reflect.Method.invoke(Unknown Source)at org.testng.internal.MethodInvocationHelper.invokeMethod(MethodInvocationHelper.java:124)at org.testng.internal.MethodInvocationHelper.invokeMethodConsideringTimeout(MethodInvocationHelper.java:59)at org.testng.internal.Invoker.invokeConfigurationMethod(Invoker.java:451)at org.testng.internal.Invoker.invokeConfigurations(Invoker.java:222)at org.testng.internal.Invoker.invokeMethod(Invoker.java:516)at org.testng.internal.Invoker.invokeTestMethod(Invoker.java:707)at org.testng.internal.Invoker.invokeTestMethods(Invoker.java:979)at org.testng.internal.TestMethodWorker.invokeTestMethods(TestMethodWorker.java:125)at org.testng.internal.TestMethodWorker.run(TestMethodWorker.java:109)at org.testng.TestRunner.privateRun(TestRunner.java:648)at org.testng.TestRunner.run(TestRunner.java:505)at org.testng.SuiteRunner.runTest(SuiteRunner.java:455)at org.testng.SuiteRunner.runSequentially(SuiteRunner.java:450)at org.testng.SuiteRunner.privateRun(SuiteRunner.java:415)at org.testng.SuiteRunner.run(SuiteRunner.java:364)at org.testng.SuiteRunnerWorker.runSuite(SuiteRunnerWorker.java:52)at org.testng.SuiteRunnerWorker.run(SuiteRunnerWorker.java:84)at org.testng.TestNG.runSuitesSequentially(TestNG.java:1187)at org.testng.TestNG.runSuitesLocally(TestNG.java:1116)at org.testng.TestNG.runSuites(TestNG.java:1028)at org.testng.TestNG.run(TestNG.java:996)at org.testng.remote.AbstractRemoteTestNG.run(AbstractRemoteTestNG.java:114)at org.testng.remote.RemoteTestNG.initAndRun(RemoteTestNG.java:251)at org.testng.remote.RemoteTestNG.main(RemoteTestNG.java:77)Caused by: java.lang.ClassCastException: com.google.common.collect.Maps$TransformedEntriesMap cannot be cast to java.base/java.util.Listat org.openqa.selenium.remote.RemoteWebDriver.getWindowHandles(RemoteWebDriver.java:508)... 33 more]]>
            </full-stacktrace>
          </exception> <!-- org.openqa.selenium.WebDriverException -->
          <reporter-output>
          </reporter-output>
        </test-method> <!-- openApplication -->
        <test-method signature="createLease()[pri:0, instance:test.LeaseCreation@35aea049]" started-at="2018-01-27T15:49:08Z" name="createLease" finished-at="2018-01-27T15:49:08Z" duration-ms="0" status="SKIP">
          <exception class="org.openqa.selenium.WebDriverException">
            <message>
              <![CDATA[Returned value cannot be converted to List<String>: {error=invalid session id, message=session 5642ea37-57db-4d32-bc8e-58d068b895ce does not exist}Build info: version: '3.7.1', revision: '8a0099a', time: '2017-11-06T21:07:36.161Z'System info: host: 'LW-TAMAR', ip: '192.168.1.136', os.name: 'Windows 10', os.arch: 'amd64', os.version: '10.0', java.version: '9.0.4'Driver info: driver.version: RemoteWebDriver]]>
            </message>
            <full-stacktrace>
              <![CDATA[org.openqa.selenium.WebDriverException: Returned value cannot be converted to List<String>: {error=invalid session id, message=session 5642ea37-57db-4d32-bc8e-58d068b895ce does not exist}Build info: version: '3.7.1', revision: '8a0099a', time: '2017-11-06T21:07:36.161Z'System info: host: 'LW-TAMAR', ip: '192.168.1.136', os.name: 'Windows 10', os.arch: 'amd64', os.version: '10.0', java.version: '9.0.4'Driver info: driver.version: RemoteWebDriverat org.openqa.selenium.remote.RemoteWebDriver.getWindowHandles(RemoteWebDriver.java:511)at generic.SwitchControlToNextWindow$2.apply(SwitchControlToNextWindow.java:69)at generic.SwitchControlToNextWindow$2.apply(SwitchControlToNextWindow.java:1)at org.openqa.selenium.support.ui.FluentWait.until(FluentWait.java:208)at generic.SwitchControlToNextWindow.waitForWndows(SwitchControlToNextWindow.java:64)at generic.BaseTest.openApplication(BaseTest.java:73)at java.base/jdk.internal.reflect.NativeMethodAccessorImpl.invoke0(Native Method)at java.base/jdk.internal.reflect.NativeMethodAccessorImpl.invoke(Unknown Source)at java.base/jdk.internal.reflect.DelegatingMethodAccessorImpl.invoke(Unknown Source)at java.base/java.lang.reflect.Method.invoke(Unknown Source)at org.testng.internal.MethodInvocationHelper.invokeMethod(MethodInvocationHelper.java:124)at org.testng.internal.MethodInvocationHelper.invokeMethodConsideringTimeout(MethodInvocationHelper.java:59)at org.testng.internal.Invoker.invokeConfigurationMethod(Invoker.java:451)at org.testng.internal.Invoker.invokeConfigurations(Invoker.java:222)at org.testng.internal.Invoker.invokeMethod(Invoker.java:516)at org.testng.internal.Invoker.invokeTestMethod(Invoker.java:707)at org.testng.internal.Invoker.invokeTestMethods(Invoker.java:979)at org.testng.internal.TestMethodWorker.invokeTestMethods(TestMethodWorker.java:125)at org.testng.internal.TestMethodWorker.run(TestMethodWorker.java:109)at org.testng.TestRunner.privateRun(TestRunner.java:648)at org.testng.TestRunner.run(TestRunner.java:505)at org.testng.SuiteRunner.runTest(SuiteRunner.java:455)at org.testng.SuiteRunner.runSequentially(SuiteRunner.java:450)at org.testng.SuiteRunner.privateRun(SuiteRunner.java:415)at org.testng.SuiteRunner.run(SuiteRunner.java:364)at org.testng.SuiteRunnerWorker.runSuite(SuiteRunnerWorker.java:52)at org.testng.SuiteRunnerWorker.run(SuiteRunnerWorker.java:84)at org.testng.TestNG.runSuitesSequentially(TestNG.java:1187)at org.testng.TestNG.runSuitesLocally(TestNG.java:1116)at org.testng.TestNG.runSuites(TestNG.java:1028)at org.testng.TestNG.run(TestNG.java:996)at org.testng.remote.AbstractRemoteTestNG.run(AbstractRemoteTestNG.java:114)at org.testng.remote.RemoteTestNG.initAndRun(RemoteTestNG.java:251)at org.testng.remote.RemoteTestNG.main(RemoteTestNG.java:77)Caused by: java.lang.ClassCastException: com.google.common.collect.Maps$TransformedEntriesMap cannot be cast to java.base/java.util.Listat org.openqa.selenium.remote.RemoteWebDriver.getWindowHandles(RemoteWebDriver.java:508)... 33 more]]>
            </full-stacktrace>
          </exception> <!-- org.openqa.selenium.WebDriverException -->
          <reporter-output>
          </reporter-output>
        </test-method> <!-- createLease -->
        <test-method is-config="true" signature="closeApplication(org.testng.ITestResult)[pri:0, instance:test.LeaseCreation@35aea049]" started-at="2018-01-27T15:49:08Z" name="closeApplication" finished-at="2018-01-27T15:49:08Z" duration-ms="0" status="SKIP">
          <reporter-output>
          </reporter-output>
        </test-method> <!-- closeApplication -->
        <test-method is-config="true" signature="tearDown()[pri:0, instance:test.LeaseCreation@35aea049]" started-at="2018-01-27T15:49:08Z" name="tearDown" finished-at="2018-01-27T15:49:08Z" duration-ms="0" status="SKIP">
          <reporter-output>
          </reporter-output>
        </test-method> <!-- tearDown -->
      </class> <!-- test.LeaseCreation -->
    </test> <!-- Default test -->
  </suite> <!-- Default suite -->
</testng-results>
